Command line:
   full_adder_top_isim_beh.exe
     -simmode  gui
     -simrunnum  0
     -socket  36660

Wed Jan 15 14:16:48 2020


 Elaboration Time: 0.04 sec

 Current Memory Usage: 238.49 Meg

 Total Signals          : 20
 Total Nets             : 18
 Total Signal Drivers   : 10
 Total Blocks           : 3
 Total Primitive Blocks : 2
 Total Processes        : 13
 Total Traceable Variables  : 21
 Total Scalar Nets and Variables : 101
Total Line Count : 28

 Total Simulation Time: 0.5 sec

 Current Memory Usage: 313.991 Meg

Wed Jan 15 14:21:50 2020

