Release 14.7 - xst P.20131013 (lin64)
Copyright (c) 1995-2013 Xilinx, Inc.  All rights reserved.
--> 
Parameter TMPDIR set to xst/projnav.tmp


Total REAL time to Xst completion: 0.00 secs
Total CPU time to Xst completion: 0.07 secs
 
--> 
Parameter xsthdpdir set to xst


Total REAL time to Xst completion: 0.00 secs
Total CPU time to Xst completion: 0.07 secs
 
--> 
Reading design: grid_walk_top.prj

TABLE OF CONTENTS
  1) Synthesis Options Summary
  2) HDL Compilation
  3) Design Hierarchy Analysis
  4) HDL Analysis
  5) HDL Synthesis
     5.1) HDL Synthesis Report
  6) Advanced HDL Synthesis
     6.1) Advanced HDL Synthesis Report
  7) Low Level Synthesis
  8) Partition Report
  9) Final Report
	9.1) Device utilization summary
	9.2) Partition Resource Summary
	9.3) TIMING REPORT


=========================================================================
*                      Synthesis Options Summary                        *
=========================================================================
---- Source Parameters
Input File Name                    : "grid_walk_top.prj"
Input Format                       : mixed
Ignore Synthesis Constraint File   : NO

---- Target Parameters
Output File Name                   : "grid_walk_top"
Output Format                      : NGC
Target Device                      : xc3s500e-4-fg320

---- Source Options
Top Module Name                    : grid_walk_top
Automatic FSM Extraction           : YES
FSM Encoding Algorithm             : Auto
Safe Implementation                : No
FSM Style                          : LUT
RAM Extraction                     : Yes
RAM Style                          : Auto
ROM Extraction                     : Yes
Mux Style                          : Auto
Decoder Extraction                 : YES
Priority Encoder Extraction        : Yes
Shift Register Extraction          : YES
Logical Shifter Extraction         : YES
XOR Collapsing                     : YES
ROM Style                          : Auto
Mux Extraction                     : Yes
Resource Sharing                   : YES
Asynchronous To Synchronous        : NO
Multiplier Style                   : Auto
Automatic Register Balancing       : No

---- Target Options
Add IO Buffers                     : YES
Global Maximum Fanout              : 500
Add Generic Clock Buffer(BUFG)     : 24
Register Duplication               : YES
Slice Packing                      : YES
Optimize Instantiated Primitives   : NO
Use Clock Enable                   : Yes
Use Synchronous Set                : Yes
Use Synchronous Reset              : Yes
Pack IO Registers into IOBs        : Auto
Equivalent register Removal        : YES

---- General Options
Optimization Goal                  : Speed
Optimization Effort                : 1
Keep Hierarchy                     : No
Netlist Hierarchy                  : As_Optimized
RTL Output                         : Yes
Global Optimization                : AllClockNets
Read Cores                         : YES
Write Timing Constraints           : NO
Cross Clock Analysis               : NO
Hierarchy Separator                : /
Bus Delimiter                      : <>
Case Specifier                     : Maintain
Slice Utilization Ratio            : 100
BRAM Utilization Ratio             : 100
Verilog 2001                       : YES
Auto BRAM Packing                  : NO
Slice Utilization Ratio Delta      : 5

=========================================================================


=========================================================================
*                          HDL Compilation                              *
=========================================================================
Compiling verilog file "one_bit_adder_subtractor.v" in library work
Compiling verilog file "five_bit_adder_subtractor.v" in library work
Module <one_bit_adder_subtractor> compiled
Compiling verilog file "rotor.v" in library work
Module <five_bit_adder_subtractor> compiled
Compiling verilog file "grid.v" in library work
Module <rotor> compiled
Compiling verilog file "grid_walk_top.v" in library work
Module <grid> compiled
Module <grid_walk_top> compiled
No errors in compilation
Analysis of file <"grid_walk_top.prj"> succeeded.
 

=========================================================================
*                     Design Hierarchy Analysis                         *
=========================================================================
Analyzing hierarchy for module <grid_walk_top> in library <work>.

Analyzing hierarchy for module <rotor> in library <work>.

Analyzing hierarchy for module <grid> in library <work>.

Analyzing hierarchy for module <five_bit_adder_subtractor> in library <work>.

Analyzing hierarchy for module <one_bit_adder_subtractor> in library <work>.


=========================================================================
*                            HDL Analysis                               *
=========================================================================
Analyzing top module <grid_walk_top>.
Module <grid_walk_top> is correct for synthesis.
 
Analyzing module <rotor> in library <work>.
Module <rotor> is correct for synthesis.
 
Analyzing module <grid> in library <work>.
Module <grid> is correct for synthesis.
 
Analyzing module <five_bit_adder_subtractor> in library <work>.
Module <five_bit_adder_subtractor> is correct for synthesis.
 
Analyzing module <one_bit_adder_subtractor> in library <work>.
Module <one_bit_adder_subtractor> is correct for synthesis.
 

=========================================================================
*                           HDL Synthesis                               *
=========================================================================

Performing bidirectional port resolution...
INFO:Xst:2679 - Register <stepx<3>> in unit <grid> has a constant value of 0 during circuit operation. The register is replaced by logic.
INFO:Xst:2679 - Register <stepx<2>> in unit <grid> has a constant value of 0 during circuit operation. The register is replaced by logic.
INFO:Xst:2679 - Register <stepy<3>> in unit <grid> has a constant value of 0 during circuit operation. The register is replaced by logic.
INFO:Xst:2679 - Register <stepy<2>> in unit <grid> has a constant value of 0 during circuit operation. The register is replaced by logic.

Synthesizing Unit <rotor>.
    Related source file is "rotor.v".
    Found 1-bit register for signal <rotation_direction>.
    Found 1-bit register for signal <rotation_event>.
    Summary:
	inferred   2 D-type flip-flop(s).
Unit <rotor> synthesized.


Synthesizing Unit <one_bit_adder_subtractor>.
    Related source file is "one_bit_adder_subtractor.v".
    Found 1-bit xor3 for signal <sum>.
    Found 1-bit xor2 for signal <cout$xor0000> created at line 30.
    Summary:
	inferred   1 Xor(s).
Unit <one_bit_adder_subtractor> synthesized.


Synthesizing Unit <five_bit_adder_subtractor>.
    Related source file is "five_bit_adder_subtractor.v".
WARNING:Xst:646 - Signal <cout<4>> is assigned but never used. This unconnected signal will be trimmed during the optimization process.
Unit <five_bit_adder_subtractor> synthesized.


Synthesizing Unit <grid>.
    Related source file is "grid.v".
WARNING:Xst:647 - Input <rotation_direction> is never used. This port will be preserved and left unconnected if it belongs to a top-level block or it belongs to a sub-block and the hierarchy of this sub-block is preserved.
WARNING:Xst:646 - Signal <step> is assigned but never used. This unconnected signal will be trimmed during the optimization process.
    Found 1-bit xor2 for signal <$xor0000> created at line 68.
    Found 4-bit register for signal <curr_x>.
    Found 4-bit register for signal <curr_y>.
    Found 2-bit register for signal <direction>.
    Found 1-bit register for signal <prev_rotation_event>.
    Found 2-bit register for signal <stepx<1:0>>.
    Found 1-bit 4-to-1 multiplexer for signal <stepx_0$mux0000> created at line 46.
    Found 1-bit 4-to-1 multiplexer for signal <stepx_1$mux0000> created at line 46.
    Found 2-bit register for signal <stepy<1:0>>.
    Found 1-bit 4-to-1 multiplexer for signal <stepy_0$mux0000> created at line 46.
    Found 1-bit 4-to-1 multiplexer for signal <stepy_1$mux0000> created at line 46.
    Summary:
	inferred  15 D-type flip-flop(s).
	inferred   4 Multiplexer(s).
Unit <grid> synthesized.


Synthesizing Unit <grid_walk_top>.
    Related source file is "grid_walk_top.v".
Unit <grid_walk_top> synthesized.


=========================================================================
HDL Synthesis Report

Macro Statistics
# Registers                                            : 10
 1-bit register                                        : 7
 2-bit register                                        : 1
 4-bit register                                        : 2
# Multiplexers                                         : 4
 1-bit 4-to-1 multiplexer                              : 4
# Xors                                                 : 21
 1-bit xor2                                            : 11
 1-bit xor3                                            : 10

=========================================================================

=========================================================================
*                       Advanced HDL Synthesis                          *
=========================================================================


=========================================================================
Advanced HDL Synthesis Report

Macro Statistics
# Registers                                            : 17
 Flip-Flops                                            : 17
# Multiplexers                                         : 4
 1-bit 4-to-1 multiplexer                              : 4
# Xors                                                 : 21
 1-bit xor2                                            : 11
 1-bit xor3                                            : 10

=========================================================================

=========================================================================
*                         Low Level Synthesis                           *
=========================================================================

Optimizing unit <grid_walk_top> ...

Optimizing unit <grid> ...
WARNING:Xst:2677 - Node <R/rotation_direction> of sequential type is unconnected in block <grid_walk_top>.

Mapping all equations...
Building and optimizing final netlist ...
Found area constraint ratio of 100 (+ 5) on block grid_walk_top, actual ratio is 0.

Final Macro Processing ...

=========================================================================
Final Register Report

Macro Statistics
# Registers                                            : 16
 Flip-Flops                                            : 16

=========================================================================

=========================================================================
*                           Partition Report                            *
=========================================================================

Partition Implementation Status
-------------------------------

  No Partitions were found in this design.

-------------------------------

=========================================================================
*                            Final Report                               *
=========================================================================
Final Results
RTL Top Level Output File Name     : grid_walk_top.ngr
Top Level Output File Name         : grid_walk_top
Output Format                      : NGC
Optimization Goal                  : Speed
Keep Hierarchy                     : No

Design Statistics
# IOs                              : 15

Cell Usage :
# BELS                             : 33
#      LUT2                        : 9
#      LUT2_D                      : 1
#      LUT3                        : 4
#      LUT3_D                      : 2
#      LUT4                        : 13
#      LUT4_D                      : 1
#      LUT4_L                      : 2
#      VCC                         : 1
# FlipFlops/Latches                : 16
#      FD                          : 1
#      FDE                         : 14
#      FDRE                        : 1
# Clock Buffers                    : 1
#      BUFGP                       : 1
# IO Buffers                       : 14
#      IBUF                        : 6
#      OBUF                        : 8
=========================================================================

Device utilization summary:
---------------------------

Selected Device : 3s500efg320-4 

 Number of Slices:                       18  out of   4656     0%  
 Number of Slice Flip Flops:             16  out of   9312     0%  
 Number of 4 input LUTs:                 32  out of   9312     0%  
 Number of IOs:                          15
 Number of bonded IOBs:                  15  out of    232     6%  
 Number of GCLKs:                         1  out of     24     4%  

---------------------------
Partition Resource Summary:
---------------------------

  No Partitions were found in this design.

---------------------------


=========================================================================
TIMING REPORT

NOTE: THESE TIMING NUMBERS ARE ONLY A SYNTHESIS ESTIMATE.
      FOR ACCURATE TIMING INFORMATION PLEASE REFER TO THE TRACE REPORT
      GENERATED AFTER PLACE-and-ROUTE.

Clock Information:
------------------
-----------------------------------+------------------------+-------+
Clock Signal                       | Clock buffer(FF name)  | Load  |
-----------------------------------+------------------------+-------+
clk                                | BUFGP                  | 16    |
-----------------------------------+------------------------+-------+

Asynchronous Control Signals Information:
----------------------------------------
No asynchronous control signals found in this design

Timing Summary:
---------------
Speed Grade: -4

   Minimum period: 5.013ns (Maximum Frequency: 199.481MHz)
   Minimum input arrival time before clock: 3.875ns
   Maximum output required time after clock: 8.424ns
   Maximum combinational path delay: No path found

Timing Detail:
--------------
All values displayed in nanoseconds (ns)

=========================================================================
Timing constraint: Default period analysis for Clock 'clk'
  Clock period: 5.013ns (frequency: 199.481MHz)
  Total number of paths / destination ports: 157 / 23
-------------------------------------------------------------------------
Delay:               5.013ns (Levels of Logic = 3)
  Source:            G/direction_1 (FF)
  Destination:       G/curr_y_2 (FF)
  Source Clock:      clk rising
  Destination Clock: clk rising

  Data Path: G/direction_1 to G/curr_y_2
                                Gate     Net
    Cell:in->out      fanout   Delay   Delay  Logical Name (Net Name)
    ----------------------------------------  ------------
     FDE:C->Q             11   0.591   0.968  G/direction_1 (G/direction_1)
     LUT4:I2->O            1   0.704   0.499  G/F2/O2/Mxor_sum_xo<0>21 (G/N8)
     LUT3_D:I1->O          3   0.704   0.535  G/F2/O2/cout1 (G/F2/cout<1>)
     LUT4:I3->O            2   0.704   0.000  G/led_6_or00001 (led_6_OBUF)
     FDE:D                     0.308          G/curr_y_2
    ----------------------------------------
    Total                      5.013ns (3.011ns logic, 2.002ns route)
                                       (60.1% logic, 39.9% route)

=========================================================================
Timing constraint: Default OFFSET IN BEFORE for Clock 'clk'
  Total number of paths / destination ports: 14 / 8
-------------------------------------------------------------------------
Offset:              3.875ns (Levels of Logic = 2)
  Source:            ROT_A (PAD)
  Destination:       R/rotation_event (FF)
  Destination Clock: clk rising

  Data Path: ROT_A to R/rotation_event
                                Gate     Net
    Cell:in->out      fanout   Delay   Delay  Logical Name (Net Name)
    ----------------------------------------  ------------
     IBUF:I->O             2   1.218   0.622  ROT_A_IBUF (ROT_A_IBUF)
     LUT2:I0->O            1   0.704   0.420  R/rotation_event_and00011 (R/rotation_event_not0001_inv)
     FDRE:R                    0.911          R/rotation_event
    ----------------------------------------
    Total                      3.875ns (2.833ns logic, 1.042ns route)
                                       (73.1% logic, 26.9% route)

=========================================================================
Timing constraint: Default OFFSET OUT AFTER for Clock 'clk'
  Total number of paths / destination ports: 128 / 8
-------------------------------------------------------------------------
Offset:              8.424ns (Levels of Logic = 4)
  Source:            G/direction_1 (FF)
  Destination:       led<6> (PAD)
  Source Clock:      clk rising

  Data Path: G/direction_1 to led<6>
                                Gate     Net
    Cell:in->out      fanout   Delay   Delay  Logical Name (Net Name)
    ----------------------------------------  ------------
     FDE:C->Q             11   0.591   0.968  G/direction_1 (G/direction_1)
     LUT4:I2->O            1   0.704   0.499  G/F2/O2/Mxor_sum_xo<0>21 (G/N8)
     LUT3_D:I1->O          3   0.704   0.535  G/F2/O2/cout1 (G/F2/cout<1>)
     LUT4:I3->O            2   0.704   0.447  G/led_6_or00001 (led_6_OBUF)
     OBUF:I->O                 3.272          led_6_OBUF (led<6>)
    ----------------------------------------
    Total                      8.424ns (5.975ns logic, 2.449ns route)
                                       (70.9% logic, 29.1% route)

=========================================================================


Total REAL time to Xst completion: 7.00 secs
Total CPU time to Xst completion: 7.18 secs
 
--> 


Total memory usage is 516012 kilobytes

Number of errors   :    0 (   0 filtered)
Number of warnings :    8 (   0 filtered)
Number of infos    :    4 (   0 filtered)

