#-----------------------------------------------------------
# PlanAhead v14.7 (64-bit)
# Build 321239 by xbuild on Fri Sep 27 19:24:36 MDT 2013
# Start of session at: Wed Jan 29 15:19:17 2020
# Process ID: 3918
# Log file: /media/cse/735F-494D/CS220/Lab3/Lab3_3/five_four_bit_adders/planAhead_run_1/planAhead.log
# Journal file: /media/cse/735F-494D/CS220/Lab3/Lab3_3/five_four_bit_adders/planAhead_run_1/planAhead.jou
#-----------------------------------------------------------
INFO: [Common 17-78] Attempting to get a license: PlanAhead
INFO: [Common 17-290] Got license for PlanAhead
INFO: [Common 17-86] Your PlanAhead license expires in -394 day(s)
INFO: [Device 21-36] Loading parts and site information from /opt/Xilinx/14.7/ISE_DS/PlanAhead/data/parts/arch.xml
Parsing RTL primitives file [/opt/Xilinx/14.7/ISE_DS/PlanAhead/data/parts/xilinx/rtl/prims/rtl_prims.xml]
Finished parsing RTL primitives file [/opt/Xilinx/14.7/ISE_DS/PlanAhead/data/parts/xilinx/rtl/prims/rtl_prims.xml]
start_gui
source /media/cse/735F-494D/CS220/Lab3/Lab3_3/five_four_bit_adders/pa.fromHdl.tcl
# create_project -name five_four_bit_adders -dir "/media/cse/735F-494D/CS220/Lab3/Lab3_3/five_four_bit_adders/planAhead_run_1" -part xc3s500efg320-4
# set_param project.pinAheadLayout yes
# set srcset [get_property srcset [current_run -impl]]
# set_property target_constrs_file "four_binary_adder.ucf" [current_fileset -constrset]
Adding file '/media/cse/735F-494D/CS220/Lab3/Lab3_3/five_four_bit_adders/four_binary_adder.ucf' to fileset 'constrs_1'
# set hdlfile [add_files [list {full_adder.v}]]
# set_property file_type Verilog $hdlfile
# set_property library work $hdlfile
# set hdlfile [add_files [list {six_bit_adder.v}]]
# set_property file_type Verilog $hdlfile
# set_property library work $hdlfile
# set hdlfile [add_files [list {four_bit_adder.v}]]
# set_property file_type Verilog $hdlfile
# set_property library work $hdlfile
# set hdlfile [add_files [list {five_bit_adder.v}]]
# set_property file_type Verilog $hdlfile
# set_property library work $hdlfile
# set hdlfile [add_files [list {four_binary_adder.v}]]
# set_property file_type Verilog $hdlfile
# set_property library work $hdlfile
# set_property top four_binary_adder $srcset
# add_files [list {four_binary_adder.ucf}] -fileset [get_property constrset [current_run]]
# open_rtl_design -part xc3s500efg320-4
Using Verific elaboration
Parsing VHDL file "/opt/Xilinx/14.7/ISE_DS/PlanAhead/data/parts/xilinx/rtl/lib/synplify/synattr.vhd" into library synplify
Analyzing Verilog file "/media/cse/735F-494D/CS220/Lab3/Lab3_3/five_four_bit_adders/full_adder.v" into library work
Analyzing Verilog file "/media/cse/735F-494D/CS220/Lab3/Lab3_3/five_four_bit_adders/six_bit_adder.v" into library work
Analyzing Verilog file "/media/cse/735F-494D/CS220/Lab3/Lab3_3/five_four_bit_adders/four_bit_adder.v" into library work
Analyzing Verilog file "/media/cse/735F-494D/CS220/Lab3/Lab3_3/five_four_bit_adders/five_bit_adder.v" into library work
Analyzing Verilog file "/media/cse/735F-494D/CS220/Lab3/Lab3_3/five_four_bit_adders/four_binary_adder.v" into library work
INFO: [Designutils 20-910] Reading macro library /opt/Xilinx/14.7/ISE_DS/PlanAhead/data/./parts/xilinx/spartan3e/spartan3e/hd_int_macros.edn
Parsing EDIF File [/opt/Xilinx/14.7/ISE_DS/PlanAhead/data/./parts/xilinx/spartan3e/spartan3e/hd_int_macros.edn]
Finished Parsing EDIF File [/opt/Xilinx/14.7/ISE_DS/PlanAhead/data/./parts/xilinx/spartan3e/spartan3e/hd_int_macros.edn]
Loading clock regions from /opt/Xilinx/14.7/ISE_DS/PlanAhead/data/parts/xilinx/spartan3e/spartan3e/xc3s500e/ClockRegion.xml
Loading clock buffers from /opt/Xilinx/14.7/ISE_DS/PlanAhead/data/parts/xilinx/spartan3e/spartan3e/xc3s500e/ClockBuffers.xml
Loading package from /opt/Xilinx/14.7/ISE_DS/PlanAhead/data/parts/xilinx/spartan3e/spartan3e/xc3s500e/fg320/Package.xml
Loading io standards from /opt/Xilinx/14.7/ISE_DS/PlanAhead/data/./parts/xilinx/spartan3e/IOStandards.xml
INFO: [Device 21-19] Loading pkg sso from /opt/Xilinx/14.7/ISE_DS/PlanAhead/data/parts/xilinx/spartan3e/spartan3e/xc3s500e/fg320/SSORules.xml
Loading list of drcs for the architecture : /opt/Xilinx/14.7/ISE_DS/PlanAhead/data/./parts/xilinx/spartan3e/spartan3e/drc.xml
INFO: [Timing 38-77] Reading timing library /opt/Xilinx/14.7/ISE_DS/PlanAhead/data/parts/xilinx/spartan3e/spartan3e/spartan3e-4.lib.
INFO: [Timing 38-34] Done reading timing library /opt/Xilinx/14.7/ISE_DS/PlanAhead/data/parts/xilinx/spartan3e/spartan3e/spartan3e-4.lib.
Parsing UCF File [/media/cse/735F-494D/CS220/Lab3/Lab3_3/five_four_bit_adders/four_binary_adder.ucf]
Finished Parsing UCF File [/media/cse/735F-494D/CS220/Lab3/Lab3_3/five_four_bit_adders/four_binary_adder.ucf]
INFO: [Project 1-111] Unisim Transformation Summary:
No Unisim elements were transformed.

Phase 0 | Netlist Checksum: e9372bda
open_rtl_design: Time (s): cpu = 00:00:18 ; elapsed = 00:00:09 . Memory (MB): peak = 2836.016 ; gain = 134.566
update_compile_order -fileset sim_1
startgroup
set_property package_pin E9 [get_ports {final[6]}]
endgroup
startgroup
set_property package_pin D11 [get_ports {final[5]}]
endgroup
startgroup
set_property package_pin C11 [get_ports {final[4]}]
endgroup
startgroup
set_property package_pin F11 [get_ports {final[3]}]
endgroup
startgroup
set_property package_pin E11 [get_ports {final[2]}]
endgroup
startgroup
set_property package_pin E12 [get_ports {final[1]}]
endgroup
startgroup
set_property package_pin F12 [get_ports {final[0]}]
endgroup
set_property iostandard LVTTL [get_ports [list {final[6]} {final[5]} {final[4]} {final[3]} {final[2]} {final[1]} {final[0]}]]
set_property drive 8 [get_ports [list {final[6]} {final[5]} {final[4]} {final[3]} {final[2]} {final[1]} {final[0]}]]
startgroup
set_property package_pin L13 [get_ports {Y[0]}]
endgroup
startgroup
set_property package_pin L14 [get_ports {Y[1]}]
endgroup
startgroup
set_property package_pin H18 [get_ports {Y[2]}]
endgroup
startgroup
set_property package_pin N17 [get_ports {Y[3]}]
endgroup
set_property iostandard LVTTL [get_ports [list {Y[3]} {Y[2]} {Y[1]} {Y[0]}]]
set_property pulltype PULLUP [get_ports [list {Y[3]} {Y[2]} {Y[1]} {Y[0]}]]
startgroup
set_property package_pin V4 [get_ports PB1]
endgroup
startgroup
set_property package_pin D18 [get_ports PB2]
endgroup
startgroup
set_property package_pin K17 [get_ports PB3]
endgroup
startgroup
set_property package_pin H13 [get_ports PB4]
endgroup
set_property iostandard LVTTL [get_ports [list PB1]]
set_property iostandard LVTTL [get_ports [list PB2]]
set_property iostandard LVTTL [get_ports [list PB3]]
set_property iostandard LVTTL [get_ports [list PB4]]
set_property pulltype PULLDOWN [get_ports [list PB1]]
set_property pulltype PULLDOWN [get_ports [list PB2]]
set_property pulltype PULLDOWN [get_ports [list PB3]]
set_property pulltype PULLDOWN [get_ports [list PB4]]
startgroup
set_property package_pin V16 [get_ports PB5]
endgroup
set_property iostandard LVTTL [get_ports [list PB5]]
set_property pulltype PULLDOWN [get_ports [list PB5]]
save_constraints
exit
ERROR: [#UNDEF] *** Exception: ui.h.b: Found deleted key in HTclEventBroker. Verify if the classes listed here call cleanup()
HTclEvent: DEBUG_PORT_CONFIG_CHANGE   Classes: ui.views.aR 
HTclEvent: DEBUG_CORE_CONFIG_CHANGE   Classes: ui.views.aR 
HTclEvent: SIGNAL_MODIFY   Classes: ui.views.aR 
HTclEvent: SIGNAL_BUS_MODIFY   Classes: ui.views.aR 
 (See /media/cse/735F-494D/CS220/Lab3/Lab3_3/five_four_bit_adders/planAhead_pid3918.debug)
ERROR: [Common 17-39] 'stop_gui' failed due to earlier errors.
INFO: [Common 17-206] Exiting PlanAhead at Wed Jan 29 15:23:12 2020...
INFO: [Common 17-83] Releasing license: PlanAhead
