Running: /opt/Xilinx/14.7/ISE_DS/ISE/bin/lin64/unwrapped/fuse -intstyle ise -incremental -lib unisims_ver -lib unimacro_ver -lib xilinxcorelib_ver -o /media/cse/735F-494D/CS220/Lab3/Lab3_1/led_blink/led_blink_top_isim_beh.exe -prj /media/cse/735F-494D/CS220/Lab3/Lab3_1/led_blink/led_blink_top_beh.prj work.led_blink_top work.glbl 
ISim P.20131013 (signature 0xfbc00daa)
Number of CPUs detected in this system: 4
Turning on mult-threading, number of parallel sub-compilation jobs: 8 
Determining compilation order of HDL files
Analyzing Verilog file "/media/cse/735F-494D/CS220/Lab3/Lab3_1/led_blink/led_blink.v" into library work
Analyzing Verilog file "/media/cse/735F-494D/CS220/Lab3/Lab3_1/led_blink/led_blink_top.v" into library work
Analyzing Verilog file "/opt/Xilinx/14.7/ISE_DS/ISE//verilog/src/glbl.v" into library work
Starting static elaboration
Completed static elaboration
Fuse Memory Usage: 98836 KB
Fuse CPU Usage: 2260 ms
Compiling module led_blink
Compiling module led_blink_top
Compiling module glbl
Time Resolution for simulation is 1ps.
Waiting for 1 sub-compilation(s) to finish...
Compiled 3 Verilog Units
Built simulation executable /media/cse/735F-494D/CS220/Lab3/Lab3_1/led_blink/led_blink_top_isim_beh.exe
Fuse Memory Usage: 659016 KB
Fuse CPU Usage: 2270 ms
GCC CPU Usage: 400 ms
