Release 14.7 - xst P.20131013 (lin64)
Copyright (c) 1995-2013 Xilinx, Inc.  All rights reserved.
--> 
Parameter TMPDIR set to xst/projnav.tmp


Total REAL time to Xst completion: 0.00 secs
Total CPU time to Xst completion: 0.09 secs
 
--> 
Parameter xsthdpdir set to xst


Total REAL time to Xst completion: 0.00 secs
Total CPU time to Xst completion: 0.09 secs
 
--> 
Reading design: four_binary_adder.prj

TABLE OF CONTENTS
  1) Synthesis Options Summary
  2) HDL Compilation
  3) Design Hierarchy Analysis
  4) HDL Analysis
  5) HDL Synthesis
     5.1) HDL Synthesis Report
  6) Advanced HDL Synthesis
     6.1) Advanced HDL Synthesis Report
  7) Low Level Synthesis
  8) Partition Report
  9) Final Report
	9.1) Device utilization summary
	9.2) Partition Resource Summary
	9.3) TIMING REPORT


=========================================================================
*                      Synthesis Options Summary                        *
=========================================================================
---- Source Parameters
Input File Name                    : "four_binary_adder.prj"
Input Format                       : mixed
Ignore Synthesis Constraint File   : NO

---- Target Parameters
Output File Name                   : "four_binary_adder"
Output Format                      : NGC
Target Device                      : xc3s500e-4-fg320

---- Source Options
Top Module Name                    : four_binary_adder
Automatic FSM Extraction           : YES
FSM Encoding Algorithm             : Auto
Safe Implementation                : No
FSM Style                          : LUT
RAM Extraction                     : Yes
RAM Style                          : Auto
ROM Extraction                     : Yes
Mux Style                          : Auto
Decoder Extraction                 : YES
Priority Encoder Extraction        : Yes
Shift Register Extraction          : YES
Logical Shifter Extraction         : YES
XOR Collapsing                     : YES
ROM Style                          : Auto
Mux Extraction                     : Yes
Resource Sharing                   : YES
Asynchronous To Synchronous        : NO
Multiplier Style                   : Auto
Automatic Register Balancing       : No

---- Target Options
Add IO Buffers                     : YES
Global Maximum Fanout              : 500
Add Generic Clock Buffer(BUFG)     : 24
Register Duplication               : YES
Slice Packing                      : YES
Optimize Instantiated Primitives   : NO
Use Clock Enable                   : Yes
Use Synchronous Set                : Yes
Use Synchronous Reset              : Yes
Pack IO Registers into IOBs        : Auto
Equivalent register Removal        : YES

---- General Options
Optimization Goal                  : Speed
Optimization Effort                : 1
Keep Hierarchy                     : No
Netlist Hierarchy                  : As_Optimized
RTL Output                         : Yes
Global Optimization                : AllClockNets
Read Cores                         : YES
Write Timing Constraints           : NO
Cross Clock Analysis               : NO
Hierarchy Separator                : /
Bus Delimiter                      : <>
Case Specifier                     : Maintain
Slice Utilization Ratio            : 100
BRAM Utilization Ratio             : 100
Verilog 2001                       : YES
Auto BRAM Packing                  : NO
Slice Utilization Ratio Delta      : 5

=========================================================================


=========================================================================
*                          HDL Compilation                              *
=========================================================================
Compiling verilog file "full_adder.v" in library work
Compiling verilog file "six_bit_adder.v" in library work
Module <full_adder> compiled
Compiling verilog file "four_bit_adder.v" in library work
Module <six_bit_adder> compiled
Compiling verilog file "five_bit_adder.v" in library work
Module <four_bit_adder> compiled
Compiling verilog file "four_binary_adder.v" in library work
Module <five_bit_adder> compiled
Module <four_binary_adder> compiled
No errors in compilation
Analysis of file <"four_binary_adder.prj"> succeeded.
 

=========================================================================
*                     Design Hierarchy Analysis                         *
=========================================================================
Analyzing hierarchy for module <four_binary_adder> in library <work>.

Analyzing hierarchy for module <four_bit_adder> in library <work>.

Analyzing hierarchy for module <five_bit_adder> in library <work>.

Analyzing hierarchy for module <six_bit_adder> in library <work>.

Analyzing hierarchy for module <full_adder> in library <work>.


=========================================================================
*                            HDL Analysis                               *
=========================================================================
Analyzing top module <four_binary_adder>.
Module <four_binary_adder> is correct for synthesis.
 
Analyzing module <four_bit_adder> in library <work>.
Module <four_bit_adder> is correct for synthesis.
 
Analyzing module <full_adder> in library <work>.
Module <full_adder> is correct for synthesis.
 
Analyzing module <five_bit_adder> in library <work>.
Module <five_bit_adder> is correct for synthesis.
 
Analyzing module <six_bit_adder> in library <work>.
Module <six_bit_adder> is correct for synthesis.
 

=========================================================================
*                           HDL Synthesis                               *
=========================================================================

Performing bidirectional port resolution...

Synthesizing Unit <full_adder>.
    Related source file is "full_adder.v".
    Found 1-bit xor3 for signal <sum>.
    Summary:
	inferred   1 Xor(s).
Unit <full_adder> synthesized.


Synthesizing Unit <four_bit_adder>.
    Related source file is "four_bit_adder.v".
Unit <four_bit_adder> synthesized.


Synthesizing Unit <five_bit_adder>.
    Related source file is "five_bit_adder.v".
Unit <five_bit_adder> synthesized.


Synthesizing Unit <six_bit_adder>.
    Related source file is "six_bit_adder.v".
Unit <six_bit_adder> synthesized.


Synthesizing Unit <four_binary_adder>.
    Related source file is "four_binary_adder.v".
WARNING:Xst:653 - Signal <E<5:4>> is used but never assigned. This sourceless signal will be automatically connected to value 00.
    Found 4-bit register for signal <A>.
    Found 4-bit register for signal <B>.
    Found 4-bit register for signal <C>.
    Found 4-bit register for signal <D>.
    Found 4-bit register for signal <E<3:0>>.
    Summary:
	inferred  20 D-type flip-flop(s).
Unit <four_binary_adder> synthesized.


=========================================================================
HDL Synthesis Report

Macro Statistics
# Registers                                            : 8
 1-bit register                                        : 4
 4-bit register                                        : 4
# Xors                                                 : 19
 1-bit xor3                                            : 19

=========================================================================

=========================================================================
*                       Advanced HDL Synthesis                          *
=========================================================================


=========================================================================
Advanced HDL Synthesis Report

Macro Statistics
# Registers                                            : 20
 Flip-Flops                                            : 20
# Xors                                                 : 19
 1-bit xor3                                            : 19

=========================================================================

=========================================================================
*                         Low Level Synthesis                           *
=========================================================================

Optimizing unit <four_binary_adder> ...

Mapping all equations...
Building and optimizing final netlist ...
Found area constraint ratio of 100 (+ 5) on block four_binary_adder, actual ratio is 0.

Final Macro Processing ...

=========================================================================
Final Register Report

Macro Statistics
# Registers                                            : 20
 Flip-Flops                                            : 20

=========================================================================

=========================================================================
*                           Partition Report                            *
=========================================================================

Partition Implementation Status
-------------------------------

  No Partitions were found in this design.

-------------------------------

=========================================================================
*                            Final Report                               *
=========================================================================
Final Results
RTL Top Level Output File Name     : four_binary_adder.ngr
Top Level Output File Name         : four_binary_adder
Output Format                      : NGC
Optimization Goal                  : Speed
Keep Hierarchy                     : No

Design Statistics
# IOs                              : 16

Cell Usage :
# BELS                             : 31
#      LUT2                        : 1
#      LUT3                        : 18
#      LUT4                        : 12
# FlipFlops/Latches                : 20
#      FD                          : 20
# Clock Buffers                    : 5
#      BUFGP                       : 5
# IO Buffers                       : 11
#      IBUF                        : 4
#      OBUF                        : 7
=========================================================================

Device utilization summary:
---------------------------

Selected Device : 3s500efg320-4 

 Number of Slices:                       18  out of   4656     0%  
 Number of Slice Flip Flops:             20  out of   9312     0%  
 Number of 4 input LUTs:                 31  out of   9312     0%  
 Number of IOs:                          16
 Number of bonded IOBs:                  16  out of    232     6%  
 Number of GCLKs:                         5  out of     24    20%  

---------------------------
Partition Resource Summary:
---------------------------

  No Partitions were found in this design.

---------------------------


=========================================================================
TIMING REPORT

NOTE: THESE TIMING NUMBERS ARE ONLY A SYNTHESIS ESTIMATE.
      FOR ACCURATE TIMING INFORMATION PLEASE REFER TO THE TRACE REPORT
      GENERATED AFTER PLACE-and-ROUTE.

Clock Information:
------------------
-----------------------------------+------------------------+-------+
Clock Signal                       | Clock buffer(FF name)  | Load  |
-----------------------------------+------------------------+-------+
PB2                                | BUFGP                  | 4     |
PB1                                | BUFGP                  | 4     |
PB5                                | BUFGP                  | 4     |
PB3                                | BUFGP                  | 4     |
PB4                                | BUFGP                  | 4     |
-----------------------------------+------------------------+-------+

Asynchronous Control Signals Information:
----------------------------------------
No asynchronous control signals found in this design

Timing Summary:
---------------
Speed Grade: -4

   Minimum period: No path found
   Minimum input arrival time before clock: 2.159ns
   Maximum output required time after clock: 13.509ns
   Maximum combinational path delay: No path found

Timing Detail:
--------------
All values displayed in nanoseconds (ns)

=========================================================================
Timing constraint: Default OFFSET IN BEFORE for Clock 'PB2'
  Total number of paths / destination ports: 4 / 4
-------------------------------------------------------------------------
Offset:              2.159ns (Levels of Logic = 1)
  Source:            Y<0> (PAD)
  Destination:       B_0 (FF)
  Destination Clock: PB2 rising

  Data Path: Y<0> to B_0
                                Gate     Net
    Cell:in->out      fanout   Delay   Delay  Logical Name (Net Name)
    ----------------------------------------  ------------
     IBUF:I->O             5   1.218   0.633  Y_0_IBUF (Y_0_IBUF)
     FD:D                      0.308          B_0
    ----------------------------------------
    Total                      2.159ns (1.526ns logic, 0.633ns route)
                                       (70.7% logic, 29.3% route)

=========================================================================
Timing constraint: Default OFFSET IN BEFORE for Clock 'PB1'
  Total number of paths / destination ports: 4 / 4
-------------------------------------------------------------------------
Offset:              2.159ns (Levels of Logic = 1)
  Source:            Y<0> (PAD)
  Destination:       A_0 (FF)
  Destination Clock: PB1 rising

  Data Path: Y<0> to A_0
                                Gate     Net
    Cell:in->out      fanout   Delay   Delay  Logical Name (Net Name)
    ----------------------------------------  ------------
     IBUF:I->O             5   1.218   0.633  Y_0_IBUF (Y_0_IBUF)
     FD:D                      0.308          A_0
    ----------------------------------------
    Total                      2.159ns (1.526ns logic, 0.633ns route)
                                       (70.7% logic, 29.3% route)

=========================================================================
Timing constraint: Default OFFSET IN BEFORE for Clock 'PB5'
  Total number of paths / destination ports: 4 / 4
-------------------------------------------------------------------------
Offset:              2.159ns (Levels of Logic = 1)
  Source:            Y<3> (PAD)
  Destination:       E_3 (FF)
  Destination Clock: PB5 rising

  Data Path: Y<3> to E_3
                                Gate     Net
    Cell:in->out      fanout   Delay   Delay  Logical Name (Net Name)
    ----------------------------------------  ------------
     IBUF:I->O             5   1.218   0.633  Y_3_IBUF (Y_3_IBUF)
     FD:D                      0.308          E_3
    ----------------------------------------
    Total                      2.159ns (1.526ns logic, 0.633ns route)
                                       (70.7% logic, 29.3% route)

=========================================================================
Timing constraint: Default OFFSET IN BEFORE for Clock 'PB3'
  Total number of paths / destination ports: 4 / 4
-------------------------------------------------------------------------
Offset:              2.159ns (Levels of Logic = 1)
  Source:            Y<0> (PAD)
  Destination:       C_0 (FF)
  Destination Clock: PB3 rising

  Data Path: Y<0> to C_0
                                Gate     Net
    Cell:in->out      fanout   Delay   Delay  Logical Name (Net Name)
    ----------------------------------------  ------------
     IBUF:I->O             5   1.218   0.633  Y_0_IBUF (Y_0_IBUF)
     FD:D                      0.308          C_0
    ----------------------------------------
    Total                      2.159ns (1.526ns logic, 0.633ns route)
                                       (70.7% logic, 29.3% route)

=========================================================================
Timing constraint: Default OFFSET IN BEFORE for Clock 'PB4'
  Total number of paths / destination ports: 4 / 4
-------------------------------------------------------------------------
Offset:              2.159ns (Levels of Logic = 1)
  Source:            Y<0> (PAD)
  Destination:       D_0 (FF)
  Destination Clock: PB4 rising

  Data Path: Y<0> to D_0
                                Gate     Net
    Cell:in->out      fanout   Delay   Delay  Logical Name (Net Name)
    ----------------------------------------  ------------
     IBUF:I->O             5   1.218   0.633  Y_0_IBUF (Y_0_IBUF)
     FD:D                      0.308          D_0
    ----------------------------------------
    Total                      2.159ns (1.526ns logic, 0.633ns route)
                                       (70.7% logic, 29.3% route)

=========================================================================
Timing constraint: Default OFFSET OUT AFTER for Clock 'PB1'
  Total number of paths / destination ports: 165 / 7
-------------------------------------------------------------------------
Offset:              13.457ns (Levels of Logic = 8)
  Source:            A_0 (FF)
  Destination:       final<6> (PAD)
  Source Clock:      PB1 rising

  Data Path: A_0 to final<6>
                                Gate     Net
    Cell:in->out      fanout   Delay   Delay  Logical Name (Net Name)
    ----------------------------------------  ------------
     FD:C->Q               4   0.591   0.666  A_0 (A_0)
     LUT4:I1->O            2   0.704   0.526  F1/FA1/cout1 (F1/c<1>)
     LUT3:I1->O            2   0.704   0.482  F1/FA2/cout1 (F1/c<2>)
     LUT3:I2->O            2   0.704   0.622  F1/FA3/Mxor_sum_xo<0>1 (temp1<3>)
     LUT3:I0->O            3   0.704   0.706  F3/FA3/cout1 (F3/c<3>)
     LUT3:I0->O            2   0.704   0.622  F3/FA4/Mxor_sum_xo<0>1 (temp3<4>)
     LUT4:I0->O            2   0.704   0.622  F4/FA4/cout_and00021 (F4/FA4/cout_and0002)
     LUT4:I0->O            1   0.704   0.420  F4/FA5/cout_and00021 (final_6_OBUF)
     OBUF:I->O                 3.272          final_6_OBUF (final<6>)
    ----------------------------------------
    Total                     13.457ns (8.791ns logic, 4.666ns route)
                                       (65.3% logic, 34.7% route)

=========================================================================
Timing constraint: Default OFFSET OUT AFTER for Clock 'PB2'
  Total number of paths / destination ports: 165 / 7
-------------------------------------------------------------------------
Offset:              13.509ns (Levels of Logic = 8)
  Source:            B_0 (FF)
  Destination:       final<6> (PAD)
  Source Clock:      PB2 rising

  Data Path: B_0 to final<6>
                                Gate     Net
    Cell:in->out      fanout   Delay   Delay  Logical Name (Net Name)
    ----------------------------------------  ------------
     FD:C->Q               4   0.591   0.762  B_0 (B_0)
     LUT4:I0->O            2   0.704   0.622  F1/FA1/Mxor_sum_xo<0>1 (temp1<1>)
     LUT3:I0->O            2   0.704   0.482  F3/FA1/cout1 (F3/c<1>)
     LUT3:I2->O            2   0.704   0.482  F3/FA2/cout1 (F3/c<2>)
     LUT3:I2->O            3   0.704   0.706  F3/FA3/cout1 (F3/c<3>)
     LUT3:I0->O            2   0.704   0.622  F3/FA4/Mxor_sum_xo<0>1 (temp3<4>)
     LUT4:I0->O            2   0.704   0.622  F4/FA4/cout_and00021 (F4/FA4/cout_and0002)
     LUT4:I0->O            1   0.704   0.420  F4/FA5/cout_and00021 (final_6_OBUF)
     OBUF:I->O                 3.272          final_6_OBUF (final<6>)
    ----------------------------------------
    Total                     13.509ns (8.791ns logic, 4.718ns route)
                                       (65.1% logic, 34.9% route)

=========================================================================
Timing constraint: Default OFFSET OUT AFTER for Clock 'PB3'
  Total number of paths / destination ports: 165 / 7
-------------------------------------------------------------------------
Offset:              13.369ns (Levels of Logic = 8)
  Source:            C_0 (FF)
  Destination:       final<6> (PAD)
  Source Clock:      PB3 rising

  Data Path: C_0 to final<6>
                                Gate     Net
    Cell:in->out      fanout   Delay   Delay  Logical Name (Net Name)
    ----------------------------------------  ------------
     FD:C->Q               4   0.591   0.762  C_0 (C_0)
     LUT4:I0->O            2   0.704   0.482  F3/FA0/cout_and00001 (F3/FA0/cout_and0000)
     LUT3:I2->O            2   0.704   0.482  F3/FA1/cout1 (F3/c<1>)
     LUT3:I2->O            2   0.704   0.482  F3/FA2/cout1 (F3/c<2>)
     LUT3:I2->O            3   0.704   0.706  F3/FA3/cout1 (F3/c<3>)
     LUT3:I0->O            2   0.704   0.622  F3/FA4/Mxor_sum_xo<0>1 (temp3<4>)
     LUT4:I0->O            2   0.704   0.622  F4/FA4/cout_and00021 (F4/FA4/cout_and0002)
     LUT4:I0->O            1   0.704   0.420  F4/FA5/cout_and00021 (final_6_OBUF)
     OBUF:I->O                 3.272          final_6_OBUF (final<6>)
    ----------------------------------------
    Total                     13.369ns (8.791ns logic, 4.578ns route)
                                       (65.8% logic, 34.2% route)

=========================================================================
Timing constraint: Default OFFSET OUT AFTER for Clock 'PB4'
  Total number of paths / destination ports: 165 / 7
-------------------------------------------------------------------------
Offset:              13.413ns (Levels of Logic = 8)
  Source:            D_0 (FF)
  Destination:       final<6> (PAD)
  Source Clock:      PB4 rising

  Data Path: D_0 to final<6>
                                Gate     Net
    Cell:in->out      fanout   Delay   Delay  Logical Name (Net Name)
    ----------------------------------------  ------------
     FD:C->Q               4   0.591   0.762  D_0 (D_0)
     LUT4:I0->O            2   0.704   0.526  F2/FA1/Mxor_sum_xo<0>1 (temp2<1>)
     LUT3:I1->O            2   0.704   0.482  F3/FA1/cout1 (F3/c<1>)
     LUT3:I2->O            2   0.704   0.482  F3/FA2/cout1 (F3/c<2>)
     LUT3:I2->O            3   0.704   0.706  F3/FA3/cout1 (F3/c<3>)
     LUT3:I0->O            2   0.704   0.622  F3/FA4/Mxor_sum_xo<0>1 (temp3<4>)
     LUT4:I0->O            2   0.704   0.622  F4/FA4/cout_and00021 (F4/FA4/cout_and0002)
     LUT4:I0->O            1   0.704   0.420  F4/FA5/cout_and00021 (final_6_OBUF)
     OBUF:I->O                 3.272          final_6_OBUF (final<6>)
    ----------------------------------------
    Total                     13.413ns (8.791ns logic, 4.622ns route)
                                       (65.5% logic, 34.5% route)

=========================================================================
Timing constraint: Default OFFSET OUT AFTER for Clock 'PB5'
  Total number of paths / destination ports: 22 / 7
-------------------------------------------------------------------------
Offset:              9.531ns (Levels of Logic = 5)
  Source:            E_1 (FF)
  Destination:       final<6> (PAD)
  Source Clock:      PB5 rising

  Data Path: E_1 to final<6>
                                Gate     Net
    Cell:in->out      fanout   Delay   Delay  Logical Name (Net Name)
    ----------------------------------------  ------------
     FD:C->Q               2   0.591   0.622  E_1 (E_1)
     LUT4:I0->O            2   0.704   0.622  F4/FA1/cout1 (F4/c<1>)
     LUT3:I0->O            3   0.704   0.566  F4/FA2/cout1 (F4/c<2>)
     LUT4:I2->O            2   0.704   0.622  F4/FA4/cout_and00021 (F4/FA4/cout_and0002)
     LUT4:I0->O            1   0.704   0.420  F4/FA5/cout_and00021 (final_6_OBUF)
     OBUF:I->O                 3.272          final_6_OBUF (final<6>)
    ----------------------------------------
    Total                      9.531ns (6.679ns logic, 2.852ns route)
                                       (70.1% logic, 29.9% route)

=========================================================================


Total REAL time to Xst completion: 7.00 secs
Total CPU time to Xst completion: 7.38 secs
 
--> 


Total memory usage is 515792 kilobytes

Number of errors   :    0 (   0 filtered)
Number of warnings :    1 (   0 filtered)
Number of infos    :    0 (   0 filtered)

