Command line:
   led_blink_top_isim_beh.exe
     -simmode  gui
     -simrunnum  0
     -socket  44167

Wed Jan 29 15:46:51 2020


 Elaboration Time: 0.04 sec

 Current Memory Usage: 238.494 Meg

 Total Signals          : 15
 Total Nets             : 15
 Total Signal Drivers   : 7
 Total Blocks           : 3
 Total Primitive Blocks : 2
 Total Processes        : 11
 Total Traceable Variables  : 21
 Total Scalar Nets and Variables : 129
Total Line Count : 31

 Total Simulation Time: 0.07 sec

 Current Memory Usage: 313.995 Meg

Wed Jan 29 15:49:44 2020

