Command line:
   eight_bit_comparator_top_isim_beh.exe
     -simmode  gui
     -simrunnum  0
     -socket  57955

Wed Jan 22 16:14:09 2020


 Elaboration Time: 0.04 sec

 Current Memory Usage: 238.502 Meg

 Total Signals          : 91
 Total Nets             : 64
 Total Signal Drivers   : 53
 Total Blocks           : 11
 Total Primitive Blocks : 9
 Total Processes        : 64
 Total Traceable Variables  : 27
 Total Scalar Nets and Variables : 184
Total Line Count : 78

 Total Simulation Time: 0.07 sec

 Current Memory Usage: 314.003 Meg

Wed Jan 22 16:14:37 2020

