#-----------------------------------------------------------
# PlanAhead v14.7 (64-bit)
# Build 321239 by xbuild on Fri Sep 27 19:24:36 MDT 2013
# Start of session at: Wed Feb  5 16:19:42 2020
# Process ID: 6798
# Log file: /media/nikhilag/735F-494D/CS220/Lab4/lcd_driver/planAhead_run_2/planAhead.log
# Journal file: /media/nikhilag/735F-494D/CS220/Lab4/lcd_driver/planAhead_run_2/planAhead.jou
#-----------------------------------------------------------
INFO: [Common 17-78] Attempting to get a license: PlanAhead
INFO: [Common 17-290] Got license for PlanAhead
INFO: [Common 17-86] Your PlanAhead license expires in -401 day(s)
INFO: [Device 21-36] Loading parts and site information from /opt/Xilinx/14.7/ISE_DS/PlanAhead/data/parts/arch.xml
Parsing RTL primitives file [/opt/Xilinx/14.7/ISE_DS/PlanAhead/data/parts/xilinx/rtl/prims/rtl_prims.xml]
Finished parsing RTL primitives file [/opt/Xilinx/14.7/ISE_DS/PlanAhead/data/parts/xilinx/rtl/prims/rtl_prims.xml]
start_gui
source /media/nikhilag/735F-494D/CS220/Lab4/lcd_driver/pa.fromHdl.tcl
# create_project -name lcd_driver -dir "/media/nikhilag/735F-494D/CS220/Lab4/lcd_driver/planAhead_run_2" -part xc3s500efg320-4
# set_param project.pinAheadLayout yes
# set srcset [get_property srcset [current_run -impl]]
# set_property target_constrs_file "lcd_driver_top.ucf" [current_fileset -constrset]
Adding file '/media/nikhilag/735F-494D/CS220/Lab4/lcd_driver/lcd_driver_top.ucf' to fileset 'constrs_1'
# set hdlfile [add_files [list {lcd_driver.v}]]
# set_property file_type Verilog $hdlfile
# set_property library work $hdlfile
# set hdlfile [add_files [list {lcd_driver_top.v}]]
# set_property file_type Verilog $hdlfile
# set_property library work $hdlfile
# set_property top lcd_driver_top $srcset
# add_files [list {lcd_driver_top.ucf}] -fileset [get_property constrset [current_run]]
# open_rtl_design -part xc3s500efg320-4
Using Verific elaboration
Parsing VHDL file "/opt/Xilinx/14.7/ISE_DS/PlanAhead/data/parts/xilinx/rtl/lib/synplify/synattr.vhd" into library synplify
Analyzing Verilog file "/media/nikhilag/735F-494D/CS220/Lab4/lcd_driver/lcd_driver.v" into library work
Analyzing Verilog file "/media/nikhilag/735F-494D/CS220/Lab4/lcd_driver/lcd_driver_top.v" into library work
INFO: [Designutils 20-910] Reading macro library /opt/Xilinx/14.7/ISE_DS/PlanAhead/data/./parts/xilinx/spartan3e/spartan3e/hd_int_macros.edn
Parsing EDIF File [/opt/Xilinx/14.7/ISE_DS/PlanAhead/data/./parts/xilinx/spartan3e/spartan3e/hd_int_macros.edn]
Finished Parsing EDIF File [/opt/Xilinx/14.7/ISE_DS/PlanAhead/data/./parts/xilinx/spartan3e/spartan3e/hd_int_macros.edn]
Loading clock regions from /opt/Xilinx/14.7/ISE_DS/PlanAhead/data/parts/xilinx/spartan3e/spartan3e/xc3s500e/ClockRegion.xml
Loading clock buffers from /opt/Xilinx/14.7/ISE_DS/PlanAhead/data/parts/xilinx/spartan3e/spartan3e/xc3s500e/ClockBuffers.xml
Loading package from /opt/Xilinx/14.7/ISE_DS/PlanAhead/data/parts/xilinx/spartan3e/spartan3e/xc3s500e/fg320/Package.xml
Loading io standards from /opt/Xilinx/14.7/ISE_DS/PlanAhead/data/./parts/xilinx/spartan3e/IOStandards.xml
INFO: [Device 21-19] Loading pkg sso from /opt/Xilinx/14.7/ISE_DS/PlanAhead/data/parts/xilinx/spartan3e/spartan3e/xc3s500e/fg320/SSORules.xml
Loading list of drcs for the architecture : /opt/Xilinx/14.7/ISE_DS/PlanAhead/data/./parts/xilinx/spartan3e/spartan3e/drc.xml
INFO: [Timing 38-77] Reading timing library /opt/Xilinx/14.7/ISE_DS/PlanAhead/data/parts/xilinx/spartan3e/spartan3e/spartan3e-4.lib.
INFO: [Timing 38-34] Done reading timing library /opt/Xilinx/14.7/ISE_DS/PlanAhead/data/parts/xilinx/spartan3e/spartan3e/spartan3e-4.lib.
Parsing UCF File [/media/nikhilag/735F-494D/CS220/Lab4/lcd_driver/lcd_driver_top.ucf]
Finished Parsing UCF File [/media/nikhilag/735F-494D/CS220/Lab4/lcd_driver/lcd_driver_top.ucf]
INFO: [Project 1-111] Unisim Transformation Summary:
No Unisim elements were transformed.

Phase 0 | Netlist Checksum: c7c0e7c6
open_rtl_design: Time (s): cpu = 00:00:17 ; elapsed = 00:00:08 . Memory (MB): peak = 2815.449 ; gain = 95.926
update_compile_order -fileset sim_1
exit
ERROR: [#UNDEF] *** Exception: ui.h.b: Found deleted key in HTclEventBroker. Verify if the classes listed here call cleanup()
HTclEvent: SIGNAL_BUS_MODIFY   Classes: ui.views.aR 
HTclEvent: SIGNAL_MODIFY   Classes: ui.views.aR 
HTclEvent: DEBUG_CORE_CONFIG_CHANGE   Classes: ui.views.aR 
HTclEvent: DEBUG_PORT_CONFIG_CHANGE   Classes: ui.views.aR 
 (See /media/nikhilag/735F-494D/CS220/Lab4/lcd_driver/planAhead_pid6798.debug)
ERROR: [Common 17-39] 'stop_gui' failed due to earlier errors.
INFO: [Common 17-206] Exiting PlanAhead at Wed Feb  5 16:24:02 2020...
INFO: [Common 17-83] Releasing license: PlanAhead
