
****** PlanAhead v14.7 (64-bit)
  **** Build 321239 by xbuild on Fri Sep 27 19:24:36 MDT 2013
    ** Copyright 1986-1999, 2001-2013 Xilinx, Inc. All Rights Reserved.

INFO: [Common 17-78] Attempting to get a license: PlanAhead
INFO: [Common 17-290] Got license for PlanAhead
INFO: [Common 17-86] Your PlanAhead license expires in -422 day(s)
INFO: [Device 21-36] Loading parts and site information from /opt/Xilinx/14.7/ISE_DS/PlanAhead/data/parts/arch.xml
Parsing RTL primitives file [/opt/Xilinx/14.7/ISE_DS/PlanAhead/data/parts/xilinx/rtl/prims/rtl_prims.xml]
Finished parsing RTL primitives file [/opt/Xilinx/14.7/ISE_DS/PlanAhead/data/parts/xilinx/rtl/prims/rtl_prims.xml]
start_gui
source {/media/nikhilag/735F-494D/CS220/Lab6/Lab 6_1/sevenbit_adder_subtractor/pa.fromHdl.tcl}
# create_project -name sevenbit_adder_subtractor -dir "/media/nikhilag/735F-494D/CS220/Lab6/Lab 6_1/sevenbit_adder_subtractor/planAhead_run_1" -part xc3s500efg320-4
# set_param project.pinAheadLayout yes
# set srcset [get_property srcset [current_run -impl]]
# set_property target_constrs_file "seven_bit_adder_subtractor_top.ucf" [current_fileset -constrset]
Adding file '/media/nikhilag/735F-494D/CS220/Lab6/Lab 6_1/sevenbit_adder_subtractor/seven_bit_adder_subtractor_top.ucf' to fileset 'constrs_1'
# set hdlfile [add_files [list {one_bit_adder.v}]]
# set_property file_type Verilog $hdlfile
# set_property library work $hdlfile
# set hdlfile [add_files [list {seven_bit_adder_subtractor.v}]]
# set_property file_type Verilog $hdlfile
# set_property library work $hdlfile
# set hdlfile [add_files [list {rotor.v}]]
# set_property file_type Verilog $hdlfile
# set_property library work $hdlfile
# set hdlfile [add_files [list {seven_bit_adder_subtractor_top.v}]]
# set_property file_type Verilog $hdlfile
# set_property library work $hdlfile
# set_property top seven_bit_adder_subtractor_top $srcset
# add_files [list {seven_bit_adder_subtractor_top.ucf}] -fileset [get_property constrset [current_run]]
# open_rtl_design -part xc3s500efg320-4
Using Verific elaboration
Parsing VHDL file "/opt/Xilinx/14.7/ISE_DS/PlanAhead/data/parts/xilinx/rtl/lib/synplify/synattr.vhd" into library synplify
Analyzing Verilog file "/media/nikhilag/735F-494D/CS220/Lab6/Lab 6_1/sevenbit_adder_subtractor/one_bit_adder.v" into library work
Analyzing Verilog file "/media/nikhilag/735F-494D/CS220/Lab6/Lab 6_1/sevenbit_adder_subtractor/seven_bit_adder_subtractor.v" into library work
Analyzing Verilog file "/media/nikhilag/735F-494D/CS220/Lab6/Lab 6_1/sevenbit_adder_subtractor/rotor.v" into library work
Analyzing Verilog file "/media/nikhilag/735F-494D/CS220/Lab6/Lab 6_1/sevenbit_adder_subtractor/seven_bit_adder_subtractor_top.v" into library work
INFO: [Designutils 20-910] Reading macro library /opt/Xilinx/14.7/ISE_DS/PlanAhead/data/./parts/xilinx/spartan3e/spartan3e/hd_int_macros.edn
Parsing EDIF File [/opt/Xilinx/14.7/ISE_DS/PlanAhead/data/./parts/xilinx/spartan3e/spartan3e/hd_int_macros.edn]
Finished Parsing EDIF File [/opt/Xilinx/14.7/ISE_DS/PlanAhead/data/./parts/xilinx/spartan3e/spartan3e/hd_int_macros.edn]
Loading clock regions from /opt/Xilinx/14.7/ISE_DS/PlanAhead/data/parts/xilinx/spartan3e/spartan3e/xc3s500e/ClockRegion.xml
Loading clock buffers from /opt/Xilinx/14.7/ISE_DS/PlanAhead/data/parts/xilinx/spartan3e/spartan3e/xc3s500e/ClockBuffers.xml
Loading package from /opt/Xilinx/14.7/ISE_DS/PlanAhead/data/parts/xilinx/spartan3e/spartan3e/xc3s500e/fg320/Package.xml
Loading io standards from /opt/Xilinx/14.7/ISE_DS/PlanAhead/data/./parts/xilinx/spartan3e/IOStandards.xml
INFO: [Device 21-19] Loading pkg sso from /opt/Xilinx/14.7/ISE_DS/PlanAhead/data/parts/xilinx/spartan3e/spartan3e/xc3s500e/fg320/SSORules.xml
Loading list of drcs for the architecture : /opt/Xilinx/14.7/ISE_DS/PlanAhead/data/./parts/xilinx/spartan3e/spartan3e/drc.xml
INFO: [Timing 38-77] Reading timing library /opt/Xilinx/14.7/ISE_DS/PlanAhead/data/parts/xilinx/spartan3e/spartan3e/spartan3e-4.lib.
INFO: [Timing 38-34] Done reading timing library /opt/Xilinx/14.7/ISE_DS/PlanAhead/data/parts/xilinx/spartan3e/spartan3e/spartan3e-4.lib.
Parsing UCF File [/media/nikhilag/735F-494D/CS220/Lab6/Lab 6_1/sevenbit_adder_subtractor/seven_bit_adder_subtractor_top.ucf]
Finished Parsing UCF File [/media/nikhilag/735F-494D/CS220/Lab6/Lab 6_1/sevenbit_adder_subtractor/seven_bit_adder_subtractor_top.ucf]
INFO: [Project 1-111] Unisim Transformation Summary:
No Unisim elements were transformed.

Phase 0 | Netlist Checksum: 516a7d5d
open_rtl_design: Time (s): cpu = 00:00:17 ; elapsed = 00:00:08 . Memory (MB): peak = 2822.500 ; gain = 97.746
update_compile_order -fileset sim_1
exit
ERROR: [Common 17-39] 'stop_gui' failed due to earlier errors.
INFO: [Common 17-206] Exiting PlanAhead at Wed Feb 26 14:12:12 2020...
INFO: [Common 17-83] Releasing license: PlanAhead
