--------------------------------------------------------------------------------
Release 14.7 Trace  (lin64)
Copyright (c) 1995-2013 Xilinx, Inc.  All rights reserved.

/opt/Xilinx/14.7/ISE_DS/ISE/bin/lin64/unwrapped/trce -intstyle ise -v 3 -s 4 -n
3 -fastpaths -xml eight_bit_comparator.twx eight_bit_comparator.ncd -o
eight_bit_comparator.twr eight_bit_comparator.pcf -ucf eight_bit_comparator.ucf

Design file:              eight_bit_comparator.ncd
Physical constraint file: eight_bit_comparator.pcf
Device,package,speed:     xc3s500e,fg320,-4 (PRODUCTION 1.27 2013-10-13)
Report level:             verbose report

Environment Variable      Effect 
--------------------      ------ 
NONE                      No environment variables were set
--------------------------------------------------------------------------------

INFO:Timing:2698 - No timing constraints found, doing default enumeration.
INFO:Timing:3412 - To improve timing, see the Timing Closure User Guide (UG612).
INFO:Timing:2752 - To get complete path coverage, use the unconstrained paths 
   option. All paths that are not constrained will be reported in the 
   unconstrained paths section(s) of the report.
INFO:Timing:3339 - The clock-to-out numbers in this timing report are based on 
   a 50 Ohm transmission line loading model.  For the details of this model, 
   and for more information on accounting for different loading conditions, 
   please see the device datasheet.
INFO:Timing:3390 - This architecture does not support a default System Jitter 
   value, please add SYSTEM_JITTER constraint to the UCF to modify the Clock 
   Uncertainty calculation.
INFO:Timing:3389 - This architecture does not support 'Discrete Jitter' and 
   'Phase Error' calculations, these terms will be zero in the Clock 
   Uncertainty calculation.  Please make appropriate modification to 
   SYSTEM_JITTER to account for the unsupported Discrete Jitter and Phase 
   Error.



Data Sheet report:
-----------------
All values displayed in nanoseconds (ns)

Setup/Hold to clock PB1
------------+------------+------------+------------------+--------+
            |Max Setup to|Max Hold to |                  | Clock  |
Source      | clk (edge) | clk (edge) |Internal Clock(s) | Phase  |
------------+------------+------------+------------------+--------+
Y<0>        |    0.278(R)|    1.437(R)|PB1_BUFGP         |   0.000|
Y<1>        |    0.277(R)|    1.438(R)|PB1_BUFGP         |   0.000|
Y<2>        |   -0.395(R)|    1.975(R)|PB1_BUFGP         |   0.000|
Y<3>        |    0.736(R)|    1.069(R)|PB1_BUFGP         |   0.000|
------------+------------+------------+------------------+--------+

Setup/Hold to clock PB2
------------+------------+------------+------------------+--------+
            |Max Setup to|Max Hold to |                  | Clock  |
Source      | clk (edge) | clk (edge) |Internal Clock(s) | Phase  |
------------+------------+------------+------------------+--------+
Y<0>        |   -0.603(R)|    2.465(R)|PB2_BUFGP         |   0.000|
Y<1>        |    0.283(R)|    1.756(R)|PB2_BUFGP         |   0.000|
Y<2>        |   -0.657(R)|    2.508(R)|PB2_BUFGP         |   0.000|
Y<3>        |    0.561(R)|    1.534(R)|PB2_BUFGP         |   0.000|
------------+------------+------------+------------------+--------+

Setup/Hold to clock PB3
------------+------------+------------+------------------+--------+
            |Max Setup to|Max Hold to |                  | Clock  |
Source      | clk (edge) | clk (edge) |Internal Clock(s) | Phase  |
------------+------------+------------+------------------+--------+
Y<0>        |   -1.123(R)|    3.187(R)|PB3_BUFGP         |   0.000|
Y<1>        |   -1.124(R)|    3.188(R)|PB3_BUFGP         |   0.000|
Y<2>        |   -1.523(R)|    3.506(R)|PB3_BUFGP         |   0.000|
Y<3>        |   -0.602(R)|    2.770(R)|PB3_BUFGP         |   0.000|
------------+------------+------------+------------------+--------+

Setup/Hold to clock PB4
------------+------------+------------+------------------+--------+
            |Max Setup to|Max Hold to |                  | Clock  |
Source      | clk (edge) | clk (edge) |Internal Clock(s) | Phase  |
------------+------------+------------+------------------+--------+
Y<0>        |   -0.205(R)|    2.126(R)|PB4_BUFGP         |   0.000|
Y<1>        |   -0.101(R)|    2.043(R)|PB4_BUFGP         |   0.000|
Y<2>        |   -0.613(R)|    2.453(R)|PB4_BUFGP         |   0.000|
Y<3>        |    0.605(R)|    1.479(R)|PB4_BUFGP         |   0.000|
------------+------------+------------+------------------+--------+

Clock PB1 to Pad
------------+------------+------------------+--------+
            | clk (edge) |                  | Clock  |
Destination |   to PAD   |Internal Clock(s) | Phase  |
------------+------------+------------------+--------+
eq          |   12.710(R)|PB1_BUFGP         |   0.000|
gr          |   14.027(R)|PB1_BUFGP         |   0.000|
le          |   13.665(R)|PB1_BUFGP         |   0.000|
------------+------------+------------------+--------+

Clock PB2 to Pad
------------+------------+------------------+--------+
            | clk (edge) |                  | Clock  |
Destination |   to PAD   |Internal Clock(s) | Phase  |
------------+------------+------------------+--------+
eq          |   14.344(R)|PB2_BUFGP         |   0.000|
gr          |   15.757(R)|PB2_BUFGP         |   0.000|
le          |   14.951(R)|PB2_BUFGP         |   0.000|
------------+------------+------------------+--------+

Clock PB3 to Pad
------------+------------+------------------+--------+
            | clk (edge) |                  | Clock  |
Destination |   to PAD   |Internal Clock(s) | Phase  |
------------+------------+------------------+--------+
eq          |   14.405(R)|PB3_BUFGP         |   0.000|
gr          |   15.672(R)|PB3_BUFGP         |   0.000|
le          |   15.303(R)|PB3_BUFGP         |   0.000|
------------+------------+------------------+--------+

Clock PB4 to Pad
------------+------------+------------------+--------+
            | clk (edge) |                  | Clock  |
Destination |   to PAD   |Internal Clock(s) | Phase  |
------------+------------+------------------+--------+
eq          |   14.512(R)|PB4_BUFGP         |   0.000|
gr          |   15.925(R)|PB4_BUFGP         |   0.000|
le          |   15.119(R)|PB4_BUFGP         |   0.000|
------------+------------+------------------+--------+


Analysis completed Wed Jan 22 16:20:04 2020 
--------------------------------------------------------------------------------

Trace Settings:
-------------------------
Trace Settings 

Peak Memory Usage: 352 MB



