Command line:
   seven_bit_adder_top_isim_beh.exe
     -simmode  gui
     -simrunnum  0
     -socket  41886

Wed Jan 22 15:42:23 2020


 Elaboration Time: 0.04 sec

 Current Memory Usage: 238.502 Meg

 Total Signals          : 58
 Total Nets             : 50
 Total Signal Drivers   : 39
 Total Blocks           : 10
 Total Primitive Blocks : 8
 Total Processes        : 50
 Total Traceable Variables  : 27
 Total Scalar Nets and Variables : 166
Total Line Count : 68

 Total Simulation Time: 0.05 sec

 Current Memory Usage: 314.003 Meg

Wed Jan 22 15:42:34 2020

