Command line:
   two_bit_adder_top_isim_beh.exe
     -simmode  gui
     -simrunnum  0
     -socket  33571

Wed Jan 22 14:20:32 2020


 Elaboration Time: 0.04 sec

 Current Memory Usage: 238.494 Meg

 Total Signals          : 30
 Total Nets             : 22
 Total Signal Drivers   : 12
 Total Blocks           : 5
 Total Primitive Blocks : 3
 Total Processes        : 15
 Total Traceable Variables  : 20
 Total Scalar Nets and Variables : 106
Total Line Count : 30

 Total Simulation Time: 0.08 sec

 Current Memory Usage: 313.995 Meg

Wed Jan 22 14:21:54 2020

